<?xml version="1.0" encoding="UTF-8"?>
<testsuite xmlns:xsi="http://www.w3.org/2001/XMLSchema-instance" xsi:noNamespaceSchemaLocation="https://maven.apache.org/surefire/maven-surefire-plugin/xsd/surefire-test-report.xsd" name="TestSuite" time="23.657" tests="10" errors="0" skipped="0" failures="0">
  <properties>
[...]
</properties>
  <testcase name="verifyBoardHeader" classname="com.qa_task.tests.SmokeTest" time="0.081"/>
  <testcase name="verifyIgnoreResolvedIssuesFilter" classname="com.qa_task.tests.SmokeTest" time="0.283"/>
  <testcase name="verifyFilterClear" classname="com.qa_task.tests.SmokeTest" time="0.743"/>
  <testcase name="verifyFilterBySearch" classname="com.qa_task.tests.SmokeTest" time="2.352"/>
  <testcase name="verifySearchResults" classname="com.qa_task.tests.SmokeTest" time="2.114"/>
  <testcase name="verifyTicketCreation" classname="com.qa_task.tests.SmokeTest" time="5.108"/>
  <testcase name="verifyIssueReadability" classname="com.qa_task.tests.SmokeTest" time="3.356"/>
  <testcase name="verifyIsssueStatusIsEdatable" classname="com.qa_task.tests.SmokeTest" time="1.528"/>
  <testcase name="verifyIsssueAssigneeIsEdatable" classname="com.qa_task.tests.SmokeTest" time="1.664"/>
  <testcase name="verifyIssueIsDeleted" classname="com.qa_task.tests.SmokeTest" time="2.628"/>
</testsuite>